<?xml version="1.0" encoding="UTF-8" ?>
<testsuite tests="16" failures="0" name="filius.software.vermittlungsschicht.VermittlungsProtokollTest" time="0.36" errors="0" skipped="0">
  <properties>
    <property name="idea.version" value="2020.2.3"/>
    <property name="java.runtime.name" value="OpenJDK Runtime Environment"/>
    <property name="java.vm.version" value="15.0.1+9-18"/>
    <property name="sun.boot.library.path" value="/home/jirka/.jdks/openjdk-15.0.1/lib"/>
    <property name="maven.multiModuleProjectDirectory" value="/home/jirka/code/filius"/>
    <property name="java.vm.vendor" value="Oracle Corporation"/>
    <property name="java.vendor.url" value="https://java.oracle.com/"/>
    <property name="guice.disable.misplaced.annotation.check" value="true"/>
    <property name="path.separator" value=":"/>
    <property name="java.vm.name" value="OpenJDK 64-Bit Server VM"/>
    <property name="user.country" value="US"/>
    <property name="sun.java.launcher" value="SUN_STANDARD"/>
    <property name="java.vm.specification.name" value="Java Virtual Machine Specification"/>
    <property name="user.dir" value="/home/jirka/code/filius"/>
    <property name="java.vm.compressedOopsMode" value="Zero based"/>
    <property name="java.runtime.version" value="15.0.1+9-18"/>
    <property name="os.arch" value="amd64"/>
    <property name="java.io.tmpdir" value="/tmp"/>
    <property name="line.separator" value="
"/>
    <property name="java.vm.specification.vendor" value="Oracle Corporation"/>
    <property name="os.name" value="Linux"/>
    <property name="maven.ext.class.path" value="/home/jirka/Downloads/idea-IC-202.7660.26/plugins/maven/lib/maven-event-listener.jar"/>
    <property name="classworlds.conf" value="/home/jirka/Downloads/idea-IC-202.7660.26/plugins/maven/lib/maven3/bin/m2.conf"/>
    <property name="sun.jnu.encoding" value="UTF-8"/>
    <property name="java.library.path" value="/usr/java/packages/lib:/usr/lib64:/lib64:/lib:/usr/lib"/>
    <property name="maven.conf" value="/home/jirka/Downloads/idea-IC-202.7660.26/plugins/maven/lib/maven3/conf"/>
    <property name="jdk.debug" value="release"/>
    <property name="java.class.version" value="59.0"/>
    <property name="java.specification.name" value="Java Platform API Specification"/>
    <property name="sun.management.compiler" value="HotSpot 64-Bit Tiered Compilers"/>
    <property name="os.version" value="5.8.0-25-generic"/>
    <property name="user.home" value="/home/jirka"/>
    <property name="user.timezone" value="Europe/Prague"/>
    <property name="file.encoding" value="UTF-8"/>
    <property name="java.specification.version" value="15"/>
    <property name="user.name" value="jirka"/>
    <property name="java.class.path" value="/home/jirka/Downloads/idea-IC-202.7660.26/plugins/maven/lib/maven3/boot/plexus-classworlds-2.6.0.jar:/home/jirka/Downloads/idea-IC-202.7660.26/plugins/maven/lib/maven3/boot/plexus-classworlds.license"/>
    <property name="java.vm.specification.version" value="15"/>
    <property name="sun.arch.data.model" value="64"/>
    <property name="sun.java.command" value="org.codehaus.classworlds.Launcher -Didea.version=2020.2.3 package"/>
    <property name="java.home" value="/home/jirka/.jdks/openjdk-15.0.1"/>
    <property name="user.language" value="en"/>
    <property name="java.specification.vendor" value="Oracle Corporation"/>
    <property name="java.vm.info" value="mixed mode, sharing"/>
    <property name="java.version" value="15.0.1"/>
    <property name="securerandom.source" value="file:/dev/./urandom"/>
    <property name="java.vendor" value="Oracle Corporation"/>
    <property name="maven.home" value="/home/jirka/Downloads/idea-IC-202.7660.26/plugins/maven/lib/maven3"/>
    <property name="file.separator" value="/"/>
    <property name="java.version.date" value="2020-10-20"/>
    <property name="java.vendor.url.bug" value="https://bugreport.java.com/bugreport/"/>
    <property name="sun.io.unicode.encoding" value="UnicodeLittle"/>
    <property name="sun.cpu.endian" value="little"/>
  </properties>
  <testcase classname="filius.software.vermittlungsschicht.VermittlungsProtokollTest" name="testGleichesRechnernetz_Success" time="0.001"/>
  <testcase classname="filius.software.vermittlungsschicht.VermittlungsProtokollTest" name="testGleichesRechnernetz_Failure" time="0"/>
  <testcase classname="filius.software.vermittlungsschicht.VermittlungsProtokollTest" name="testIsNetworkAddress_Yes" time="0.001"/>
  <testcase classname="filius.software.vermittlungsschicht.VermittlungsProtokollTest" name="testIsNetworkAddress_No" time="0.001"/>
  <testcase classname="filius.software.vermittlungsschicht.VermittlungsProtokollTest" name="testIsNetworkAddress_ToOtherNetwork_No" time="0"/>
  <testcase classname="filius.software.vermittlungsschicht.VermittlungsProtokollTest" name="testIstBroadcast_No_InCaseOfLocalhost" time="0.001"/>
  <testcase classname="filius.software.vermittlungsschicht.VermittlungsProtokollTest" name="testIstBroadcast_Yes_InCaseOf255" time="0.001"/>
  <testcase classname="filius.software.vermittlungsschicht.VermittlungsProtokollTest" name="testIstBroadcast_Yes_DifficultNetmask" time="0.001"/>
  <testcase classname="filius.software.vermittlungsschicht.VermittlungsProtokollTest" name="testIstBroadcast_No_DifficultNetmask" time="0.001"/>
  <testcase classname="filius.software.vermittlungsschicht.VermittlungsProtokollTest" name="testIstBroadcast_Yes_GleichesRechnernetz" time="0.001"/>
  <testcase classname="filius.software.vermittlungsschicht.VermittlungsProtokollTest" name="testIstBroadcast_No_AnderesRechnernetz" time="0.001"/>
  <testcase classname="filius.software.vermittlungsschicht.VermittlungsProtokollTest" name="testIstBroadcast_No_ToNetworkAddress" time="0.001"/>
  <testcase classname="filius.software.vermittlungsschicht.VermittlungsProtokollTest" name="testIstBroadcast_Yes_GenericBroadcastAddress" time="0"/>
  <testcase classname="filius.software.vermittlungsschicht.VermittlungsProtokollTest" name="testIsApplicableBroadcast_Success" time="0.329"/>
  <testcase classname="filius.software.vermittlungsschicht.VermittlungsProtokollTest" name="testIsApplicableBroadcast_NotBroadcast_Failure" time="0.001"/>
  <testcase classname="filius.software.vermittlungsschicht.VermittlungsProtokollTest" name="testIsApplicableBroadcast_WrongNetwork_Failure" time="0.02"/>
</testsuite>